<?xml version="1.0" encoding="UTF-8"?>
<!-- Generated by org.testng.reporters.JUnitXMLReporter -->
<testsuite ignored="6" hostname="IN-FC9K1N3" failures="2" tests="5" name="SmokeTests" time="104.285" errors="0" timestamp="2025-05-04T21:59:34 IST">
  <testcase classname="tests.LoginTest" name="successfulLoginTest" time="5.444"/>
  <testcase classname="tests.LoginTest" name="unsuccessfulLoginTest" time="5.62">
    <failure type="java.lang.AssertionError" message="Login error message is not displayed expected [true] but found [false]">
      <![CDATA[java.lang.AssertionError: Login error message is not displayed expected [true] but found [false]
at tests.LoginTest.unsuccessfulLoginTest(LoginTest.java:69)
at java.base/java.util.ArrayList.forEach(ArrayList.java:1511)
... Removed 34 stack frames]]>
    </failure>
  </testcase> <!-- unsuccessfulLoginTest -->
  <testcase classname="tests.MyAccountsTest" name="userRegistrationTest" time="7.103"/>
  <testcase classname="tests.MyAccountsTest" name="userRegistrationTest" time="9.175"/>
  <testcase classname="tests.CheckoutTest" name="submitOrderTest" time="14.738">
    <failure type="org.openqa.selenium.TimeoutException" message="Expected condition failed: waiting for element to be clickable: [[ChromeDriver: chrome on windows (be29bc8db4069e6c16fc1968647ce0cc)] -&amp;gt; css selector: button[title=&amp;apos;Search&amp;apos;]] (tried for 10 second(s) with 500 milliseconds interval)
Build info: version: &amp;apos;4.32.0&amp;apos;, revision: &amp;apos;d17c8aa950&amp;apos;
System info: os.name: &amp;apos;Windows 11&amp;apos;, os.arch: &amp;apos;amd64&amp;apos;, os.version: &amp;apos;10.0&amp;apos;, java.version: &amp;apos;17.0.5&amp;apos;
Driver info: org.openqa.selenium.chrome.ChromeDriver
Capabilities {acceptInsecureCerts: false, browserName: chrome, browserVersion: 136.0.7103.49, chrome: {chromedriverVersion: 136.0.7103.49 (031848bc6ad0..., userDataDir: C:\Users\ARPITB~1\AppData\L...}, fedcm:accounts: true, goog:chromeOptions: {debuggerAddress: localhost:9517}, networkConnectionEnabled: false, pageLoadStrategy: normal, platformName: windows, proxy: Proxy(), se:cdp: ws://localhost:9517/devtool..., se:cdpVersion: 136.0.7103.49, setWindowRect: true, strictFileInteractability: false, timeouts: {implicit: 0, pageLoad: 300000, script: 30000}, unhandledPromptBehavior: dismiss and notify, webauthn:extension:credBlob: true, webauthn:extension:largeBlob: true, webauthn:extension:minPinLength: true, webauthn:extension:prf: true, webauthn:virtualAuthenticators: true}
Session ID: be29bc8db4069e6c16fc1968647ce0cc">
      <![CDATA[org.openqa.selenium.TimeoutException: Expected condition failed: waiting for element to be clickable: [[ChromeDriver: chrome on windows (be29bc8db4069e6c16fc1968647ce0cc)] -> css selector: button[title='Search']] (tried for 10 second(s) with 500 milliseconds interval)
Build info: version: '4.32.0', revision: 'd17c8aa950'
System info: os.name: 'Windows 11', os.arch: 'amd64', os.version: '10.0', java.version: '17.0.5'
Driver info: org.openqa.selenium.chrome.ChromeDriver
Capabilities {acceptInsecureCerts: false, browserName: chrome, browserVersion: 136.0.7103.49, chrome: {chromedriverVersion: 136.0.7103.49 (031848bc6ad0..., userDataDir: C:\Users\ARPITB~1\AppData\L...}, fedcm:accounts: true, goog:chromeOptions: {debuggerAddress: localhost:9517}, networkConnectionEnabled: false, pageLoadStrategy: normal, platformName: windows, proxy: Proxy(), se:cdp: ws://localhost:9517/devtool..., se:cdpVersion: 136.0.7103.49, setWindowRect: true, strictFileInteractability: false, timeouts: {implicit: 0, pageLoad: 300000, script: 30000}, unhandledPromptBehavior: dismiss and notify, webauthn:extension:credBlob: true, webauthn:extension:largeBlob: true, webauthn:extension:minPinLength: true, webauthn:extension:prf: true, webauthn:virtualAuthenticators: true}
Session ID: be29bc8db4069e6c16fc1968647ce0cc
at org.openqa.selenium.support.ui.WebDriverWait.timeoutException(WebDriverWait.java:84)
at org.openqa.selenium.support.ui.FluentWait.until(FluentWait.java:228)
at utils.SeleniumUtils.waitForElementToBeClickable(SeleniumUtils.java:33)
at pageobjects.HomePage.searchProduct(HomePage.java:65)
at tests.CheckoutTest.submitOrderTest(CheckoutTest.java:33)
at java.base/java.util.ArrayList.forEach(ArrayList.java:1511)
... Removed 31 stack frames]]>
    </failure>
  </testcase> <!-- submitOrderTest -->
  <testcase classname="BaseComponents.BaseTest" name="@BeforeSuite setupLogger" time="0.0">
    <ignored/>
  </testcase> <!-- @BeforeSuite setupLogger -->
  <testcase classname="tests.LoginTest" name="homePageUITest" time="0.0">
    <ignored/>
  </testcase> <!-- homePageUITest -->
  <testcase classname="tests.MyAccountsTest" name="myAccountUITest" time="0.0">
    <ignored/>
  </testcase> <!-- myAccountUITest -->
  <testcase classname="tests.CheckoutTest" name="minicartCheckoutNavigationTest" time="0.0">
    <ignored/>
  </testcase> <!-- minicartCheckoutNavigationTest -->
  <testcase classname="tests.MyAccountsTest" name="editProfileTest" time="0.0">
    <ignored/>
  </testcase> <!-- editProfileTest -->
  <testcase classname="BaseComponents.BaseTest" name="@BeforeSuite setupLogger" time="0.0">
    <ignored/>
  </testcase> <!-- @BeforeSuite setupLogger -->
</testsuite> <!-- SmokeTests -->
